<?xml version="1.0" encoding="UTF-8"?>
<!-- Generated by org.testng.reporters.JUnitReportReporter -->
<testsuite skipped="0" hostname="mbp-van-qiguang.home" name="grip.gripTest" tests="1" failures="0" timestamp="13 Sep 2018 21:07:01 GMT" time="8.333" errors="0">
  <testcase name="launchGrip" time="8.333" classname="grip.gripTest"/>
</testsuite> <!-- grip.gripTest -->
